  Direction.cpp
  Grid.cpp
  GridAStarSearch.cpp
  GridBreadthFirstSearch.cpp
  GridDepthFirstSearch.cpp
  GridElement.cpp
  GridGreedySearch.cpp
  GridJailGenerator.cpp
c:\users\famke van meurs\documents\of_v0.9.8_vs_release\apps\myapps\search\src\direction.cpp(22): warning C4715: 'oppositeDirection': not all control paths return a value
src\Grid.cpp(78): warning C4244: 'initializing': conversion from 'double' to 'int', possible loss of data
src\Grid.cpp(86): warning C4244: 'initializing': conversion from 'double' to 'int', possible loss of data
  GridMazeGenerator.cpp
  GridObstacleGenerator.cpp
  GridRoomGenerator.cpp
src\GridRoomGenerator.cpp(20): warning C4244: 'initializing': conversion from 'double' to 'int', possible loss of data
src\GridRoomGenerator.cpp(21): warning C4244: 'initializing': conversion from 'double' to 'int', possible loss of data
src\GridRoomGenerator.cpp(25): warning C4244: 'initializing': conversion from 'double' to 'int', possible loss of data
src\GridRoomGenerator.cpp(26): warning C4244: 'initializing': conversion from 'double' to 'int', possible loss of data
  main.cpp
  ofApp.cpp
     Creating library bin\Search_debug.lib and object bin\Search_debug.exp
  Search.vcxproj -> C:\Users\Famke van Meurs\Documents\of_v0.9.8_vs_release\apps\myApps\Search\bin\Search_debug.exe
  Search.vcxproj -> bin\Search_debug.pdb (Full PDB)
  
  	                   9	C:\Users\Famke van Meurs\Documents\of_v0.9.8_vs_release\export\vs\Win32\
  	    New File  		 2939392	C:\Users\Famke van Meurs\Documents\of_v0.9.8_vs_release\export\vs\Win32\assimp.dll
  	    New File  		 1266176	C:\Users\Famke van Meurs\Documents\of_v0.9.8_vs_release\export\vs\Win32\fmodex.dll
  	    New File  		 1312768	C:\Users\Famke van Meurs\Documents\of_v0.9.8_vs_release\export\vs\Win32\fmodexL.dll
  	    New File  		 5647872	C:\Users\Famke van Meurs\Documents\of_v0.9.8_vs_release\export\vs\Win32\FreeImage.dll
  	    New File  		  580608	C:\Users\Famke van Meurs\Documents\of_v0.9.8_vs_release\export\vs\Win32\freetype.dll
  	    New File  		  237568	C:\Users\Famke van Meurs\Documents\of_v0.9.8_vs_release\export\vs\Win32\glut32.dll
  	    New File  		 1178624	C:\Users\Famke van Meurs\Documents\of_v0.9.8_vs_release\export\vs\Win32\libeay32.dll
  	    New File  		  269824	C:\Users\Famke van Meurs\Documents\of_v0.9.8_vs_release\export\vs\Win32\ssleay32.dll
  	    New File  		   69632	C:\Users\Famke van Meurs\Documents\of_v0.9.8_vs_release\export\vs\Win32\Zlib.dll
